========================================================================
Equilibrium State One Error Analysis
========================================================================
Slope Standard Deviation:	 0.0006726520486313153
Intercept Standard Deviation:	 0.13499240107267924
Chi Square:			 478.480914014209
Reduced Chi Square:		 26.58227300078939
------------------------------------------------------------------------
Decay State One Error Analysis
========================================================================
Decay Value: 			 0.001224826586089688
Amplitude:			 -46.75998653858677
Frequency:			 0.028911298544112136
Phase:				 -0.028050976525659892
Mean:				 99.6787694451657
Chi Square:			 2368.2190761395145
Reduced Chi Square:		 131.56772645219525
------------------------------------------------------------------------
Equilibrium State Two Error Analysis
========================================================================
Slope Standard Deviation:	 0.00018584287738072696
Intercept Standard Deviation:	 0.684508152613561
Chi Square:			 851.7265947602067
Reduced Chi Square:		 47.31814415334482
------------------------------------------------------------------------
Decay State Two Error Analysis
========================================================================
Decay Value: 			 0.0012029546710454126
Amplitude:			 47.66329609428083
Frequency:			 0.029036863165868922
Phase:				 -0.319267764525874
Mean:				 54.05644059137862
Chi Square:			 1051.649125934159
Reduced Chi Square:		 58.42495144078661
------------------------------------------------------------------------
Equilibrium State One Error Analysis
========================================================================
Slope Standard Deviation:	 0.00012269305252672909
Intercept Standard Deviation:	 0.9308990225751956
Chi Square:			 641.5368983390428
Reduced Chi Square:		 35.64093879661348
========================================================================
Run 1 has a calculated G of:  9.789043047279457e-11
And a percent error of:  46.7622645769034
Run 2 has a calculated G of:  9.019051246609305e-11
And a percent error of:  35.21815961932991
