========================================================================
Equilibrium State One Error Analysis
========================================================================
Slope Standard Deviation:	 0.0021651717707562336
Intercept Standard Deviation:	 0.19850929598902764
Chi Square:			 56.404186198619996
Reduced Chi Square:		 3.133565899923333
------------------------------------------------------------------------
Decay State One Error Analysis
========================================================================
Decay Value: 			 0.001314275875136092
Amplitude:			 -46.514729278417825
Frequency:			 0.02912328925835966
Phase:				 0.04088865575070728
Mean:				 101.09760091741755
Chi Square:			 1216.0026055727199
Reduced Chi Square:		 67.55570030959555
------------------------------------------------------------------------
Equilibrium State Two Error Analysis
========================================================================
Slope Standard Deviation:	 0.00013861713978906146
Intercept Standard Deviation:	 0.5142778767601037
Chi Square:			 368.94506480514275
Reduced Chi Square:		 20.496948044730154
------------------------------------------------------------------------
Decay State Two Error Analysis
========================================================================
Decay Value: 			 0.0011428839556549154
Amplitude:			 43.55195308806751
Frequency:			 0.029045374592383013
Phase:				 -0.2028698617591002
Mean:				 55.81496364118813
Chi Square:			 2752.7848336607103
Reduced Chi Square:		 152.93249075892834
------------------------------------------------------------------------
Equilibrium State One Error Analysis
========================================================================
Slope Standard Deviation:	 5.4753594521673546e-05
Intercept Standard Deviation:	 0.4677875397942743
Chi Square:			 324.2784177420043
Reduced Chi Square:		 18.015467652333573
========================================================================
Run 1 has a calculated G of:  9.789043047279457e-11
And a percent error of:  46.7622645769034
Run 2 has a calculated G of:  9.019051246609305e-11
And a percent error of:  35.21815961932991
